<?xml version="1.0" encoding="UTF-8"?>
<!-- Generated by org.testng.reporters.JUnitXMLReporter -->
<testsuite hostname="LAPTOP-75AALNAG" ignored="0" name="Default test" tests="1" failures="1" timestamp="2021-02-05T15:59:50 IST" time="59.303" errors="0">
  <testcase name="TC1" time="58.656" classname="Demo.testng.Parall1">
    <failure type="org.openqa.selenium.SessionNotCreatedException" message="session not created
from disconnected: received Inspector.detached event
  (Session info: chrome=88.0.4324.104)
Build info: version: &amp;apos;3.141.59&amp;apos;, revision: &amp;apos;e82be7d358&amp;apos;, time: &amp;apos;2018-11-14T08:25:53&amp;apos;
System info: host: &amp;apos;LAPTOP-75AALNAG&amp;apos;, ip: &amp;apos;192.168.43.19&amp;apos;, os.name: &amp;apos;Windows 10&amp;apos;, os.arch: &amp;apos;amd64&amp;apos;, os.version: &amp;apos;10.0&amp;apos;, java.version: &amp;apos;1.8.0_271&amp;apos;
Driver info: driver.version: ChromeDriver
remote stacktrace: Backtrace:
	Ordinal0 [0x00FAC0C3+3326147]
	Ordinal0 [0x00E90851+2164817]
	Ordinal0 [0x00D17298+619160]
	Ordinal0 [0x00D0BD04+572676]
	Ordinal0 [0x00D0BA18+571928]
	Ordinal0 [0x00D0B0C1+569537]
	Ordinal0 [0x00D0A421+566305]
	Ordinal0 [0x00D0A815+567317]
	Ordinal0 [0x00D0A135+565557]
	Ordinal0 [0x00D138B1+604337]
	Ordinal0 [0x00D0A0F1+565489]
	Ordinal0 [0x00D0AEA2+568994]
	Ordinal0 [0x00D0A421+566305]
	Ordinal0 [0x00D0A815+567317]
	Ordinal0 [0x00D0A135+565557]
	Ordinal0 [0x00D11D2C+597292]
	Ordinal0 [0x00D0A0F1+565489]
	Ordinal0 [0x00D0AEA2+568994]
	Ordinal0 [0x00D0A421+566305]
	Ordinal0 [0x00D0A815+567317]
	Ordinal0 [0x00D0A135+565557]
	Ordinal0 [0x00D0FE62+589410]
	Ordinal0 [0x00D0A0F1+565489]
	Ordinal0 [0x00D0AEA2+568994]
	Ordinal0 [0x00D0A421+566305]
	Ordinal0 [0x00D0A815+567317]
	Ordinal0 [0x00D0A135+565557]
	Ordinal0 [0x00D0F075+585845]
	Ordinal0 [0x00D0A0F1+565489]
	Ordinal0 [0x00D0AEA2+568994]
	Ordinal0 [0x00D0A421+566305]
	Ordinal0 [0x00D0A815+567317]
	Ordinal0 [0x00D0A135+565557]
	Ordinal0 [0x00D06776+550774]
	Ordinal0 [0x00D0A0F1+565489]
	Ordinal0 [0x00D09F13+565011]
	Ordinal0 [0x00D09D07+564487]
	Ordinal0 [0x00D182C0+623296]
	Ordinal0 [0x00CB6BDD+224221]
	Ordinal0 [0x00CB5CAC+220332]
	Ordinal0 [0x00CB189B+202907]
	Ordinal0 [0x00C93DF4+81396]
	Ordinal0 [0x00C94DEE+85486]
	Ordinal0 [0x00C94D79+85369]
	Ordinal0 [0x00EA85DC+2262492]
	GetHandleVerifier [0x01132874+1487204]
	GetHandleVerifier [0x011323CD+1486013]
	GetHandleVerifier [0x0113A368+1518680]
	GetHandleVerifier [0x01132F4E+1488958]
	Ordinal0 [0x00E9ED0D+2223373]
	Ordinal0 [0x00EAA12B+2269483]
	Ordinal0 [0x00EAA26F+2269807]
	Ordinal0 [0x00EBECB8+2354360]
	BaseThreadInitThunk [0x75EFFA29+25]
	RtlGetAppContainerNamedObjectPath [0x774475F4+228]
	RtlGetAppContainerNamedObjectPath [0x774475C4+180]
">
      <![CDATA[org.openqa.selenium.SessionNotCreatedException: session not created
from disconnected: received Inspector.detached event
  (Session info: chrome=88.0.4324.104)
Build info: version: '3.141.59', revision: 'e82be7d358', time: '2018-11-14T08:25:53'
System info: host: 'LAPTOP-75AALNAG', ip: '192.168.43.19', os.name: 'Windows 10', os.arch: 'amd64', os.version: '10.0', java.version: '1.8.0_271'
Driver info: driver.version: ChromeDriver
remote stacktrace: Backtrace:
Ordinal0 [0x00FAC0C3+3326147]
Ordinal0 [0x00E90851+2164817]
Ordinal0 [0x00D17298+619160]
Ordinal0 [0x00D0BD04+572676]
Ordinal0 [0x00D0BA18+571928]
Ordinal0 [0x00D0B0C1+569537]
Ordinal0 [0x00D0A421+566305]
Ordinal0 [0x00D0A815+567317]
Ordinal0 [0x00D0A135+565557]
Ordinal0 [0x00D138B1+604337]
Ordinal0 [0x00D0A0F1+565489]
Ordinal0 [0x00D0AEA2+568994]
Ordinal0 [0x00D0A421+566305]
Ordinal0 [0x00D0A815+567317]
Ordinal0 [0x00D0A135+565557]
Ordinal0 [0x00D11D2C+597292]
Ordinal0 [0x00D0A0F1+565489]
Ordinal0 [0x00D0AEA2+568994]
Ordinal0 [0x00D0A421+566305]
Ordinal0 [0x00D0A815+567317]
Ordinal0 [0x00D0A135+565557]
Ordinal0 [0x00D0FE62+589410]
Ordinal0 [0x00D0A0F1+565489]
Ordinal0 [0x00D0AEA2+568994]
Ordinal0 [0x00D0A421+566305]
Ordinal0 [0x00D0A815+567317]
Ordinal0 [0x00D0A135+565557]
Ordinal0 [0x00D0F075+585845]
Ordinal0 [0x00D0A0F1+565489]
Ordinal0 [0x00D0AEA2+568994]
Ordinal0 [0x00D0A421+566305]
Ordinal0 [0x00D0A815+567317]
Ordinal0 [0x00D0A135+565557]
Ordinal0 [0x00D06776+550774]
Ordinal0 [0x00D0A0F1+565489]
Ordinal0 [0x00D09F13+565011]
Ordinal0 [0x00D09D07+564487]
Ordinal0 [0x00D182C0+623296]
Ordinal0 [0x00CB6BDD+224221]
Ordinal0 [0x00CB5CAC+220332]
Ordinal0 [0x00CB189B+202907]
Ordinal0 [0x00C93DF4+81396]
Ordinal0 [0x00C94DEE+85486]
Ordinal0 [0x00C94D79+85369]
Ordinal0 [0x00EA85DC+2262492]
GetHandleVerifier [0x01132874+1487204]
GetHandleVerifier [0x011323CD+1486013]
GetHandleVerifier [0x0113A368+1518680]
GetHandleVerifier [0x01132F4E+1488958]
Ordinal0 [0x00E9ED0D+2223373]
Ordinal0 [0x00EAA12B+2269483]
Ordinal0 [0x00EAA26F+2269807]
Ordinal0 [0x00EBECB8+2354360]
BaseThreadInitThunk [0x75EFFA29+25]
RtlGetAppContainerNamedObjectPath [0x774475F4+228]
RtlGetAppContainerNamedObjectPath [0x774475C4+180]

at sun.reflect.NativeConstructorAccessorImpl.newInstance0(Native Method)
at sun.reflect.NativeConstructorAccessorImpl.newInstance(Unknown Source)
at sun.reflect.DelegatingConstructorAccessorImpl.newInstance(Unknown Source)
at java.lang.reflect.Constructor.newInstance(Unknown Source)
at org.openqa.selenium.remote.W3CHandshakeResponse.lambda$errorHandler$0(W3CHandshakeResponse.java:62)
at org.openqa.selenium.remote.HandshakeResponse.lambda$getResponseFunction$0(HandshakeResponse.java:30)
at org.openqa.selenium.remote.ProtocolHandshake.lambda$createSession$0(ProtocolHandshake.java:126)
at java.util.stream.ReferencePipeline$3$1.accept(Unknown Source)
at java.util.Spliterators$ArraySpliterator.tryAdvance(Unknown Source)
at java.util.stream.ReferencePipeline.forEachWithCancel(Unknown Source)
at java.util.stream.AbstractPipeline.copyIntoWithCancel(Unknown Source)
at java.util.stream.AbstractPipeline.copyInto(Unknown Source)
at java.util.stream.AbstractPipeline.wrapAndCopyInto(Unknown Source)
at java.util.stream.FindOps$FindOp.evaluateSequential(Unknown Source)
at java.util.stream.AbstractPipeline.evaluate(Unknown Source)
at java.util.stream.ReferencePipeline.findFirst(Unknown Source)
at org.openqa.selenium.remote.ProtocolHandshake.createSession(ProtocolHandshake.java:128)
at org.openqa.selenium.remote.ProtocolHandshake.createSession(ProtocolHandshake.java:74)
at org.openqa.selenium.remote.HttpCommandExecutor.execute(HttpCommandExecutor.java:136)
at org.openqa.selenium.remote.service.DriverCommandExecutor.execute(DriverCommandExecutor.java:83)
at org.openqa.selenium.remote.RemoteWebDriver.execute(RemoteWebDriver.java:552)
at org.openqa.selenium.remote.RemoteWebDriver.startSession(RemoteWebDriver.java:213)
at org.openqa.selenium.remote.RemoteWebDriver.<init>(RemoteWebDriver.java:131)
at org.openqa.selenium.chrome.ChromeDriver.<init>(ChromeDriver.java:181)
at org.openqa.selenium.chrome.ChromeDriver.<init>(ChromeDriver.java:168)
at org.openqa.selenium.chrome.ChromeDriver.<init>(ChromeDriver.java:123)
at Demo.testng.Parall1.TC1(Parall1.java:13)
at sun.reflect.NativeMethodAccessorImpl.invoke0(Native Method)
at sun.reflect.NativeMethodAccessorImpl.invoke(Unknown Source)
at sun.reflect.DelegatingMethodAccessorImpl.invoke(Unknown Source)
at java.lang.reflect.Method.invoke(Unknown Source)
at org.testng.internal.MethodInvocationHelper.invokeMethod(MethodInvocationHelper.java:132)
at org.testng.internal.TestInvoker.invokeMethod(TestInvoker.java:599)
at org.testng.internal.TestInvoker.invokeTestMethod(TestInvoker.java:174)
at org.testng.internal.MethodRunner.runInSequence(MethodRunner.java:46)
at org.testng.internal.TestInvoker$MethodInvocationAgent.invoke(TestInvoker.java:822)
at org.testng.internal.TestInvoker.invokeTestMethods(TestInvoker.java:147)
at org.testng.internal.TestMethodWorker.invokeTestMethods(TestMethodWorker.java:146)
at org.testng.internal.TestMethodWorker.run(TestMethodWorker.java:128)
at java.util.ArrayList.forEach(Unknown Source)
at org.testng.TestRunner.privateRun(TestRunner.java:764)
at org.testng.TestRunner.run(TestRunner.java:585)
at org.testng.SuiteRunner.runTest(SuiteRunner.java:384)
at org.testng.SuiteRunner.runSequentially(SuiteRunner.java:378)
at org.testng.SuiteRunner.privateRun(SuiteRunner.java:337)
at org.testng.SuiteRunner.run(SuiteRunner.java:286)
at org.testng.SuiteRunnerWorker.runSuite(SuiteRunnerWorker.java:53)
at org.testng.SuiteRunnerWorker.run(SuiteRunnerWorker.java:96)
at org.testng.TestNG.runSuitesSequentially(TestNG.java:1218)
at org.testng.TestNG.runSuitesLocally(TestNG.java:1140)
at org.testng.TestNG.runSuites(TestNG.java:1069)
at org.testng.TestNG.run(TestNG.java:1037)
at org.testng.remote.AbstractRemoteTestNG.run(AbstractRemoteTestNG.java:115)
at org.testng.remote.RemoteTestNG.initAndRun(RemoteTestNG.java:251)
at org.testng.remote.RemoteTestNG.main(RemoteTestNG.java:77)
]]>
    </failure>
  </testcase> <!-- TC1 -->
</testsuite> <!-- Default test -->
